
Showing logs for build [32mcb-kubecd-bdd-nh-1590030410-pr-mxrbk-1[0m stage [32mfrom-build-pack[0m and container [32mstep-credential-initializer-lc7xk[0m
{"level":"info","ts":1590031374.7744944,"logger":"fallback-logger","caller":"logging/config.go:69","msg":"Fetch GitHub commit ID from kodata failed: open /var/run/ko/refs/heads/0.8.0-ns-support: no such file or directory"}
{"level":"info","ts":1590031374.7751386,"logger":"fallback-logger","caller":"creds-init/main.go:40","msg":"Credentials initialized."}

Showing logs for build [32mcb-kubecd-bdd-nh-1590030410-pr-mxrbk-1[0m stage [32mfrom-build-pack[0m and container [32mstep-working-dir-initializer-5xq28[0m
{"level":"info","ts":1590031375.1804867,"logger":"fallback-logger","caller":"logging/config.go:69","msg":"Fetch GitHub commit ID from kodata failed: open /var/run/ko/HEAD: no such file or directory"}
{"level":"info","ts":1590031375.1819754,"logger":"fallback-logger","caller":"bash/main.go:64","msg":"Successfully executed command \"sh -c mkdir -p /workspace/source\"; output "}

Showing logs for build [32mcb-kubecd-bdd-nh-1590030410-pr-mxrbk-1[0m stage [32mfrom-build-pack[0m and container [32mstep-place-tools[0m

Showing logs for build [32mcb-kubecd-bdd-nh-1590030410-pr-mxrbk-1[0m stage [32mfrom-build-pack[0m and container [32mstep-git-source-cb-kubecd-bdd-nh-1590030410-pr-mxrbk-w6p8f[0m
{"level":"info","ts":1590031381.2648945,"logger":"fallback-logger","caller":"logging/config.go:69","msg":"Fetch GitHub commit ID from kodata failed: open /var/run/ko/refs/heads/0.8.0-ns-support: no such file or directory"}
{"level":"info","ts":1590031382.3865566,"logger":"fallback-logger","caller":"git/git.go:103","msg":"Successfully cloned https://github.com/cb-kubecd/bdd-nh-1590030410.git @ master in path /workspace/source"}

Showing logs for build [32mcb-kubecd-bdd-nh-1590030410-pr-mxrbk-1[0m stage [32mfrom-build-pack[0m and container [32mstep-git-merge[0m
Using SHAs from PULL_REFS=master:610b406f00aa7f60d8d55353a4e42378fad8cbfa,1:5c12c5e93a469e0686120610c998c0676b88b008
DEBUG: LC_ALL=C JX_LOG_LEVEL=error git fetch origin --unshallow 5c12c5e93a469e0686120610c998c0676b88b008: 610b406f00aa7f60d8d55353a4e42378fad8cbfa:
DEBUG: ran git fetch --unshallow origin 5c12c5e93a469e0686120610c998c0676b88b008: 610b406f00aa7f60d8d55353a4e42378fad8cbfa: in 
DEBUG: JX_LOG_LEVEL=error LC_ALL=C git branch
DEBUG: LC_ALL=C JX_LOG_LEVEL=error git checkout master
DEBUG: ran git checkout master in 
DEBUG: JX_LOG_LEVEL=error LC_ALL=C git reset --hard 610b406f00aa7f60d8d55353a4e42378fad8cbfa
DEBUG: ran git reset --hard 610b406f00aa7f60d8d55353a4e42378fad8cbfa in 
DEBUG: LC_ALL=C JX_LOG_LEVEL=error git clean -fd .
DEBUG: ran clean --force -d . in 
DEBUG: LC_ALL=C JX_LOG_LEVEL=error git merge 5c12c5e93a469e0686120610c998c0676b88b008
DEBUG: ran git merge 5c12c5e93a469e0686120610c998c0676b88b008 in 
DEBUG: LC_ALL=C JX_LOG_LEVEL=error git log --format=%H%x1f%an%x1f%ae%x1f%cn%x1f%ce%x1f%s%n%b%x1e 610b406f00aa7f60d8d55353a4e42378fad8cbfa..HEAD
Merged SHA 5c12c5e93a469e0686120610c998c0676b88b008 with commit message 'My first PR commit' into base branch master

Showing logs for build [32mcb-kubecd-bdd-nh-1590030410-pr-mxrbk-1[0m stage [32mfrom-build-pack[0m and container [32mstep-build-npmrc[0m
Command "credential" is deprecated, it will be removed on Jun 1 2020.  This is replaced by Tekton's mounted secrets
WARNING: failed to find Secret npm-token in namespace **

Showing logs for build [32mcb-kubecd-bdd-nh-1590030410-pr-mxrbk-1[0m stage [32mfrom-build-pack[0m and container [32mstep-build-npm-install[0m
npm notice created a lockfile as package-lock.json. You should commit this file.
npm WARN REPLACE_ME@1.0.0 No repository field.
npm WARN REPLACE_ME@1.0.0 No license field.

up to date in 0.913s
found 0 vulnerabilities


Showing logs for build [32mcb-kubecd-bdd-nh-1590030410-pr-mxrbk-1[0m stage [32mfrom-build-pack[0m and container [32mstep-build-npm-test[0m

> REPLACE_ME@1.0.0 test /workspace/source
> echo "no test specified" && exit 0

no test specified

Showing logs for build [32mcb-kubecd-bdd-nh-1590030410-pr-mxrbk-1[0m stage [32mfrom-build-pack[0m and container [32mstep-build-container-build[0m
E0521 03:23:10.188461      10 aws_credentials.go:77] while getting AWS credentials NoCredentialProviders: no valid providers in chain. Deprecated.
	For verbose messaging see aws.Config.CredentialsChainVerboseErrors
[36mINFO[0m[0001] Using dockerignore file: /workspace/source/.dockerignore 
[36mINFO[0m[0001] Retrieving image manifest node:9-slim        
E0521 03:23:10.556393      10 metadata.go:154] while reading 'google-dockercfg' metadata: http status code: 404 while fetching url http://metadata.google.internal./computeMetadata/v1/instance/attributes/google-dockercfg
E0521 03:23:10.559489      10 metadata.go:166] while reading 'google-dockercfg-url' metadata: http status code: 404 while fetching url http://metadata.google.internal./computeMetadata/v1/instance/attributes/google-dockercfg-url
[36mINFO[0m[0002] Retrieving image manifest node:9-slim        
[36mINFO[0m[0003] Built cross stage deps: map[]                
[36mINFO[0m[0003] Retrieving image manifest node:9-slim        
[36mINFO[0m[0004] Retrieving image manifest node:9-slim        
[36mINFO[0m[0004] Executing 0 build triggers                   
[36mINFO[0m[0004] cmd: EXPOSE                                  
[36mINFO[0m[0004] Adding exposed port: 8080/tcp                
[36mINFO[0m[0005] Checking for cached layer gcr.io/jenkins-x-bdd3/cache:3014dda4fe534e9878e52728dfeba628b171e751505dfe7cf7755a0aa6d05424... 
[36mINFO[0m[0005] No cached layer found for cmd COPY . .       
[36mINFO[0m[0005] Unpacking rootfs as cmd COPY . . requires it. 
[36mINFO[0m[0010] ENV PORT 8080                                
[36mINFO[0m[0010] No files changed in this command, skipping snapshotting. 
[36mINFO[0m[0010] EXPOSE 8080                                  
[36mINFO[0m[0010] cmd: EXPOSE                                  
[36mINFO[0m[0010] Adding exposed port: 8080/tcp                
[36mINFO[0m[0010] No files changed in this command, skipping snapshotting. 
[36mINFO[0m[0010] WORKDIR /usr/src/app                         
[36mINFO[0m[0010] cmd: workdir                                 
[36mINFO[0m[0010] Changed working directory to /usr/src/app    
[36mINFO[0m[0010] Creating directory /usr/src/app              
[36mINFO[0m[0010] Resolving 1 paths                            
[36mINFO[0m[0010] Taking snapshot of files...                  
[36mINFO[0m[0010] COPY . .                                     
[36mINFO[0m[0010] Resolving 144 paths                          
[36mINFO[0m[0010] Taking snapshot of files...                  
[36mINFO[0m[0010] Pushing layer gcr.io/jenkins-x-bdd3/cache:3014dda4fe534e9878e52728dfeba628b171e751505dfe7cf7755a0aa6d05424 to cache now 
[36mINFO[0m[0010] CMD ["npm", "start"]                         
[36mINFO[0m[0010] No files changed in this command, skipping snapshotting. 

Showing logs for build [32mcb-kubecd-bdd-nh-1590030410-pr-mxrbk-1[0m stage [32mfrom-build-pack[0m and container [32mstep-postbuild-post-build[0m
no CVE provider running in the current ** namespace so skip adding image to be analysed

Showing logs for build [32mcb-kubecd-bdd-nh-1590030410-pr-mxrbk-1[0m stage [32mfrom-build-pack[0m and container [32mstep-promote-make-preview[0m
sed -i -e "s/version:.*/version: 0.0.0-SNAPSHOT-PR-1-1/" Chart.yaml
sed -i -e "s/version:.*/version: 0.0.0-SNAPSHOT-PR-1-1/" ../*/Chart.yaml
sed -i -e "s|repository:.*|repository: gcr.io\/jenkins-x-bdd3\/bdd-nh-1590030410|" values.yaml
sed -i -e "s/tag:.*/tag: 0.0.0-SNAPSHOT-PR-1-1/" values.yaml
echo "  version: 0.0.0-SNAPSHOT-PR-1-1" >> requirements.yaml
** step helm build
WARNING: No $CHART_REPOSITORY defined so using the default value of: http://jenkins-x-chartmuseum:8080
Adding missing Helm repo: storage.googleapis.com https://storage.googleapis.com/chartmuseum.jenkins-x.io
WARNING: No secrets found on "helm/repos" due: reading the secret "helm/repos" from vault: no secret "helm/repos" not found in vault
Read credentials for https://storage.googleapis.com/chartmuseum.jenkins-x.io from vault helm/repos
Successfully added Helm repository storage.googleapis.com.
Adding missing Helm repo: jenkins-x-chartmuseum http://jenkins-x-chartmuseum:8080
WARNING: No secrets found on "helm/repos" due: reading the secret "helm/repos" from vault: no secret "helm/repos" not found in vault
Read credentials for http://jenkins-x-chartmuseum:8080 from vault helm/repos
Successfully added Helm repository jenkins-x-chartmuseum.
WARNING: No $CHART_REPOSITORY defined so using the default value of: http://jenkins-x-chartmuseum:8080
Adding missing Helm repo: chartmuseum.jenkins-x.io http://chartmuseum.jenkins-x.io
WARNING: No secrets found on "helm/repos" due: reading the secret "helm/repos" from vault: no secret "helm/repos" not found in vault
Read credentials for http://chartmuseum.jenkins-x.io from vault helm/repos
Successfully added Helm repository chartmuseum.jenkins-x.io.

Showing logs for build [32mcb-kubecd-bdd-nh-1590030410-pr-mxrbk-1[0m stage [32mfrom-build-pack[0m and container [32mstep-promote-jx-preview[0m
Creating a preview
Created environment cb-kubecd-bdd-nh-1590030410-pr-1
Namespace **-cb-kubecd-bdd-nh-1590030410-pr-1 created 
expose:
  Annotations:
    helm.sh/hook: post-install,post-upgrade
    helm.sh/hook-delete-policy: hook-succeeded
  config:
    domain: c**d9.bdd.jenkins-x.rocks
    exposer: Ingress
    http: "true"
preview:
  image:
    repository: gcr.io/jenkins-x-bdd3/bdd-nh-1590030410
    tag: 0.0.0-SNAPSHOT-PR-1-1

Updating PipelineActivities cb-kubecd-bdd-nh-1590030410-pr-1-1 which has status Running
WARNING: preview application http://bdd-nh-1590030410.**-cb-kubecd-bdd-nh-1590030410-pr-1.c**d9.bdd.jenkins-x.rocks not available, error was Get http://bdd-nh-1590030410.**-cb-kubecd-bdd-nh-1590030410-pr-1.c**d9.bdd.jenkins-x.rocks: dial tcp: lookup bdd-nh-1590030410.**-cb-kubecd-bdd-nh-1590030410-pr-1.c**d9.bdd.jenkins-x.rocks on 10.23.240.10:53: no such host, delaying for: 911.540363ms
WARNING: preview application http://bdd-nh-1590030410.**-cb-kubecd-bdd-nh-1590030410-pr-1.c**d9.bdd.jenkins-x.rocks not available, error was Get http://bdd-nh-1590030410.**-cb-kubecd-bdd-nh-1590030410-pr-1.c**d9.bdd.jenkins-x.rocks: dial tcp: lookup bdd-nh-1590030410.**-cb-kubecd-bdd-nh-1590030410-pr-1.c**d9.bdd.jenkins-x.rocks on 10.23.240.10:53: no such host, delaying for: 1.718750062s
WARNING: preview application http://bdd-nh-1590030410.**-cb-kubecd-bdd-nh-1590030410-pr-1.c**d9.bdd.jenkins-x.rocks not available, error was Get http://bdd-nh-1590030410.**-cb-kubecd-bdd-nh-1590030410-pr-1.c**d9.bdd.jenkins-x.rocks: dial tcp: lookup bdd-nh-1590030410.**-cb-kubecd-bdd-nh-1590030410-pr-1.c**d9.bdd.jenkins-x.rocks on 10.23.240.10:53: no such host, delaying for: 2.576337449s
WARNING: preview application http://bdd-nh-1590030410.**-cb-kubecd-bdd-nh-1590030410-pr-1.c**d9.bdd.jenkins-x.rocks not available, error was Get http://bdd-nh-1590030410.**-cb-kubecd-bdd-nh-1590030410-pr-1.c**d9.bdd.jenkins-x.rocks: dial tcp: lookup bdd-nh-1590030410.**-cb-kubecd-bdd-nh-1590030410-pr-1.c**d9.bdd.jenkins-x.rocks on 10.23.240.10:53: no such host, delaying for: 4.987451737s
WARNING: preview application http://bdd-nh-1590030410.**-cb-kubecd-bdd-nh-1590030410-pr-1.c**d9.bdd.jenkins-x.rocks not available, error was Get http://bdd-nh-1590030410.**-cb-kubecd-bdd-nh-1590030410-pr-1.c**d9.bdd.jenkins-x.rocks: dial tcp: lookup bdd-nh-1590030410.**-cb-kubecd-bdd-nh-1590030410-pr-1.c**d9.bdd.jenkins-x.rocks on 10.23.240.10:53: no such host, delaying for: 2.879328238s
WARNING: preview application http://bdd-nh-1590030410.**-cb-kubecd-bdd-nh-1590030410-pr-1.c**d9.bdd.jenkins-x.rocks not available, error was Get http://bdd-nh-1590030410.**-cb-kubecd-bdd-nh-1590030410-pr-1.c**d9.bdd.jenkins-x.rocks: dial tcp: lookup bdd-nh-1590030410.**-cb-kubecd-bdd-nh-1590030410-pr-1.c**d9.bdd.jenkins-x.rocks on 10.23.240.10:53: no such host, delaying for: 9.916463735s
WARNING: preview application http://bdd-nh-1590030410.**-cb-kubecd-bdd-nh-1590030410-pr-1.c**d9.bdd.jenkins-x.rocks not available, error was Get http://bdd-nh-1590030410.**-cb-kubecd-bdd-nh-1590030410-pr-1.c**d9.bdd.jenkins-x.rocks: dial tcp: lookup bdd-nh-1590030410.**-cb-kubecd-bdd-nh-1590030410-pr-1.c**d9.bdd.jenkins-x.rocks on 10.23.240.10:53: no such host, delaying for: 6.18421683s
WARNING: preview application http://bdd-nh-1590030410.**-cb-kubecd-bdd-nh-1590030410-pr-1.c**d9.bdd.jenkins-x.rocks not available, error was Get http://bdd-nh-1590030410.**-cb-kubecd-bdd-nh-1590030410-pr-1.c**d9.bdd.jenkins-x.rocks: dial tcp: lookup bdd-nh-1590030410.**-cb-kubecd-bdd-nh-1590030410-pr-1.c**d9.bdd.jenkins-x.rocks on 10.23.240.10:53: no such host, delaying for: 10.254969594s
WARNING: preview application http://bdd-nh-1590030410.**-cb-kubecd-bdd-nh-1590030410-pr-1.c**d9.bdd.jenkins-x.rocks not available, error was Get http://bdd-nh-1590030410.**-cb-kubecd-bdd-nh-1590030410-pr-1.c**d9.bdd.jenkins-x.rocks: dial tcp: lookup bdd-nh-1590030410.**-cb-kubecd-bdd-nh-1590030410-pr-1.c**d9.bdd.jenkins-x.rocks on 10.23.240.10:53: no such host, delaying for: 36.178115353s
WARNING: preview application http://bdd-nh-1590030410.**-cb-kubecd-bdd-nh-1590030410-pr-1.c**d9.bdd.jenkins-x.rocks not available, error was Get http://bdd-nh-1590030410.**-cb-kubecd-bdd-nh-1590030410-pr-1.c**d9.bdd.jenkins-x.rocks: dial tcp: lookup bdd-nh-1590030410.**-cb-kubecd-bdd-nh-1590030410-pr-1.c**d9.bdd.jenkins-x.rocks on 10.23.240.10:53: no such host, delaying for: 24.376325342s
WARNING: preview application http://bdd-nh-1590030410.**-cb-kubecd-bdd-nh-1590030410-pr-1.c**d9.bdd.jenkins-x.rocks not available, error was Get http://bdd-nh-1590030410.**-cb-kubecd-bdd-nh-1590030410-pr-1.c**d9.bdd.jenkins-x.rocks: dial tcp: lookup bdd-nh-1590030410.**-cb-kubecd-bdd-nh-1590030410-pr-1.c**d9.bdd.jenkins-x.rocks on 10.23.240.10:53: no such host, delaying for: 1m21.293939425s
WARNING: preview application http://bdd-nh-1590030410.**-cb-kubecd-bdd-nh-1590030410-pr-1.c**d9.bdd.jenkins-x.rocks not available, error was Get http://bdd-nh-1590030410.**-cb-kubecd-bdd-nh-1590030410-pr-1.c**d9.bdd.jenkins-x.rocks: dial tcp: lookup bdd-nh-1590030410.**-cb-kubecd-bdd-nh-1590030410-pr-1.c**d9.bdd.jenkins-x.rocks on 10.23.240.10:53: no such host, delaying for: 57.533067234s
WARNING: preview application http://bdd-nh-1590030410.**-cb-kubecd-bdd-nh-1590030410-pr-1.c**d9.bdd.jenkins-x.rocks not available, error was Get http://bdd-nh-1590030410.**-cb-kubecd-bdd-nh-1590030410-pr-1.c**d9.bdd.jenkins-x.rocks: dial tcp: lookup bdd-nh-1590030410.**-cb-kubecd-bdd-nh-1590030410-pr-1.c**d9.bdd.jenkins-x.rocks on 10.23.240.10:53: no such host, delaying for: 54.945118184s
WARNING: preview application http://bdd-nh-1590030410.**-cb-kubecd-bdd-nh-1590030410-pr-1.c**d9.bdd.jenkins-x.rocks not available, error was Get http://bdd-nh-1590030410.**-cb-kubecd-bdd-nh-1590030410-pr-1.c**d9.bdd.jenkins-x.rocks: dial tcp: lookup bdd-nh-1590030410.**-cb-kubecd-bdd-nh-1590030410-pr-1.c**d9.bdd.jenkins-x.rocks on 10.23.240.10:53: no such host, delaying for: 40.589376808s
Preview application is now available at: http://bdd-nh-1590030410.**-cb-kubecd-bdd-nh-1590030410-pr-1.c**d9.bdd.jenkins-x.rocks
